[debug] [2023-11-19T21:22:09.344Z] ----------------------------------------------------------------------
[debug] [2023-11-19T21:22:09.346Z] Command:       C:\Program Files\nodejs\node.exe C:\Users\enzot\AppData\Roaming\npm\node_modules\firebase-tools\lib\bin\firebase.js init
[debug] [2023-11-19T21:22:09.347Z] CLI Version:   12.9.1
[debug] [2023-11-19T21:22:09.347Z] Platform:      win32
[debug] [2023-11-19T21:22:09.348Z] Node Version:  v18.17.1
[debug] [2023-11-19T21:22:09.349Z] Time:          Sun Nov 19 2023 16:22:09 GMT-0500 (hora estándar de Colombia)
[debug] [2023-11-19T21:22:09.349Z] ----------------------------------------------------------------------
[debug] 
[debug] [2023-11-19T21:22:09.464Z] > command requires scopes: ["email","openid","https://www.googleapis.com/auth/cloudplatformprojects.readonly","https://www.googleapis.com/auth/firebase","https://www.googleapis.com/auth/cloud-platform"]
[debug] [2023-11-19T21:22:09.465Z] > authorizing via signed-in user (enzotrujilloacosta@gmail.com)
[info] 
     ######## #### ########  ######## ########     ###     ######  ########
     ##        ##  ##     ## ##       ##     ##  ##   ##  ##       ##
     ######    ##  ########  ######   ########  #########  ######  ######
     ##        ##  ##    ##  ##       ##     ## ##     ##       ## ##
     ##       #### ##     ## ######## ########  ##     ##  ######  ########

You're about to initialize a Firebase project in this directory:

  C:\Users\enzot\OneDrive\Escritorio\Diseño de experimentos\asd\Frontend\Front-End

Before we get started, keep in mind:

  * You are initializing within an existing Firebase project directory

